<?xml version="1.0" encoding="utf-8"?><testsuites name="pytest tests"><testsuite name="pytest" errors="0" failures="0" skipped="0" tests="12" time="1.327" timestamp="2026-02-07T08:51:56.816481+00:00" hostname="agent-env-349cbc32-f96d-440f-9cd1-137a9310d649"><testcase classname="backend.tests.test_iteration4_bugs.TestAspectRatioPersistence" name="test_create_project_with_aspect_ratio" time="0.163" /><testcase classname="backend.tests.test_iteration4_bugs.TestAspectRatioPersistence" name="test_update_project_aspect_ratio" time="0.166" /><testcase classname="backend.tests.test_iteration4_bugs.TestAspectRatioPersistence" name="test_all_aspect_ratio_options" time="0.573" /><testcase classname="backend.tests.test_iteration4_bugs.TestExistingProjectsHaveAspectRatio" name="test_projects_have_aspect_ratio_field" time="0.079" /><testcase classname="backend.tests.test_iteration4_bugs.TestAdminAuthAndLogout" name="test_admin_login_with_correct_password" time="0.036" /><testcase classname="backend.tests.test_iteration4_bugs.TestAdminAuthAndLogout" name="test_admin_login_rejects_wrong_password" time="0.033" /><testcase classname="backend.tests.test_iteration4_bugs.TestAPIEndpoints" name="test_api_root" time="0.034" /><testcase classname="backend.tests.test_iteration4_bugs.TestAPIEndpoints" name="test_projects_endpoint" time="0.038" /><testcase classname="backend.tests.test_iteration4_bugs.TestAPIEndpoints" name="test_skills_endpoint" time="0.040" /><testcase classname="backend.tests.test_iteration4_bugs.TestAPIEndpoints" name="test_config_endpoint" time="0.035" /><testcase classname="backend.tests.test_iteration4_bugs.TestAPIEndpoints" name="test_quotes_endpoint" time="0.034" /><testcase classname="backend.tests.test_iteration4_bugs.TestAPIEndpoints" name="test_stats_endpoint" time="0.037" /></testsuite></testsuites>