<?xml version="1.0" encoding="utf-8"?><testsuites name="pytest tests"><testsuite name="pytest" errors="0" failures="0" skipped="0" tests="15" time="0.828" timestamp="2026-02-07T08:41:08.807798+00:00" hostname="agent-env-349cbc32-f96d-440f-9cd1-137a9310d649"><testcase classname="backend.tests.test_api.TestHealthAndBasics" name="test_api_root" time="0.079" /><testcase classname="backend.tests.test_api.TestHealthAndBasics" name="test_api_config" time="0.039" /><testcase classname="backend.tests.test_api.TestAdminAuth" name="test_admin_auth_valid_password" time="0.039" /><testcase classname="backend.tests.test_api.TestAdminAuth" name="test_admin_auth_invalid_password" time="0.037" /><testcase classname="backend.tests.test_api.TestFileUploads" name="test_upload_returns_api_uploads_prefix" time="0.042" /><testcase classname="backend.tests.test_api.TestFileUploads" name="test_media_list_has_api_uploads_urls" time="0.043" /><testcase classname="backend.tests.test_api.TestFileUploads" name="test_uploaded_files_accessible_via_api_uploads" time="0.085" /><testcase classname="backend.tests.test_api.TestProjects" name="test_get_projects" time="0.043" /><testcase classname="backend.tests.test_api.TestProjects" name="test_projects_have_youtube_shorts_urls" time="0.052" /><testcase classname="backend.tests.test_api.TestSkills" name="test_get_skills" time="0.049" /><testcase classname="backend.tests.test_api.TestContact" name="test_submit_contact_form" time="0.046" /><testcase classname="backend.tests.test_api.TestContact" name="test_get_contact_messages" time="0.038" /><testcase classname="backend.tests.test_api.TestQuotesAndStats" name="test_get_quote" time="0.039" /><testcase classname="backend.tests.test_api.TestQuotesAndStats" name="test_get_stats" time="0.035" /><testcase classname="backend.tests.test_api.TestQuotesAndStats" name="test_get_all_quotes" time="0.038" /></testsuite></testsuites>